2024-02-14 10:28:33: [GET] [::1]:63213 / 637.5µs
2024-02-14 10:28:39: [POST] [::1]:63216 / 484.625µs
2024-02-14 10:28:54: [GET] [::1]:63219 / 117.291µs
2024-02-14 10:28:56: [GET] [::1]:63221 /room?roomid=2 420.458µs
2024-02-14 10:29:02: [GET] [::1]:63223 /login 139.625µs
2024-02-14 10:29:03: [GET] [::1]:63224 /signup 129.958µs
2024-02-14 10:29:11: [POST] [::1]:63225 /signup 75.167µs
2024-02-14 10:29:14: [POST] [::1]:63226 /login 356.25µs
2024-02-14 10:29:15: [GET] [::1]:63228 /joinrooms 577.167µs
2024-02-14 10:29:16: [GET] [::1]:63228 /rooms 27.291µs
2024-02-14 10:29:19: [POST] [::1]:63228 / 150.583µs
2024-02-14 10:29:22: [GET] [::1]:63230 /room?roomid=3 170.333µs
2024-02-14 10:29:22: [GET] [::1]:63231 /username 154.958µs
2024-02-14 10:29:33: [GET] [::1]:63233 / 93.958µs
2024-02-15 10:49:00: [GET] [::1]:50314 / 628.042µs
2024-02-15 10:49:01: [GET] [::1]:50315 /rooms 142µs
2024-02-15 10:49:02: [GET] [::1]:50316 /joinrooms 617.584µs
2024-02-15 10:49:04: [GET] [::1]:50316 /login 136.25µs
2024-02-15 10:49:04: [GET] [::1]:50317 /signup 149.541µs
2024-02-15 10:49:16: [POST] [::1]:50318 /signup 125.875µs
2024-02-15 10:49:25: [POST] [::1]:50320 /signup 104.459µs
2024-02-15 10:49:29: [POST] [::1]:50322 /login 331.209µs
2024-02-15 10:49:32: [POST] [::1]:50324 / 193.541µs
2024-02-15 10:49:33: [GET] [::1]:50325 /joinrooms 361µs
2024-02-15 10:49:34: [GET] [::1]:50325 /rooms 23.708µs
2024-02-15 10:49:37: [GET] [::1]:50326 /room?roomid=7 145.541µs
2024-02-15 10:49:37: [GET] [::1]:50327 /username 232.875µs
2024-02-15 10:49:41: [GET] [::1]:50327 / 39.667µs
2024-02-15 10:49:48: [GET] [::1]:50329 /deleteroom?roomid=6 88.208µs
2024-02-15 10:49:50: [GET] [::1]:50329 /deleteroom?roomid=7 148.5µs
2024-02-15 10:49:52: [GET] [::1]:50331 /joinrooms 163.417µs
2024-02-15 10:49:52: [GET] [::1]:50331 /rooms 25.458µs
2024-02-15 10:56:22: [GET] [::1]:50356 / 558.708µs
2024-02-15 10:56:24: [GET] [::1]:50357 /rooms 241.042µs
2024-02-15 10:56:28: [GET] [::1]:50358 /room?roomid=4 443.291µs
2024-02-15 10:56:30: [POST] [::1]:50358 / 339.084µs
2024-02-15 10:56:32: [GET] [::1]:50360 /signup 195.125µs
2024-02-15 10:56:38: [POST] [::1]:50362 /signup 104.709µs
2024-02-15 10:56:42: [POST] [::1]:50364 /login 405µs
2024-02-15 10:56:43: [GET] [::1]:50365 /joinrooms 192.666µs
2024-02-15 10:56:44: [GET] [::1]:50365 /rooms 20.667µs
2024-02-15 10:56:46: [GET] [::1]:50366 /room?roomid=3 353.25µs
2024-02-15 10:56:48: [POST] [::1]:50367 / 210.042µs
2024-02-15 10:56:49: [GET] [::1]:50367 /rooms 21.583µs
2024-02-15 10:56:50: [GET] [::1]:50367 /joinrooms 283.209µs
2024-02-15 10:56:53: [POST] [::1]:50368 / 204.458µs
2024-02-15 10:56:56: [GET] [::1]:50369 /room?roomid=3 148.833µs
2024-02-15 10:56:56: [GET] [::1]:50368 /username 113.458µs
2024-02-15 10:56:57: [GET] [::1]:50371 / 125.75µs
2024-02-15 10:56:58: [GET] [::1]:50371 /joinrooms 240.542µs
2024-02-15 10:56:59: [GET] [::1]:50371 /rooms 32.041µs
2024-02-15 10:57:04: [GET] [::1]:50373 /deleteroom?roomid=5 194.833µs
2024-02-15 10:57:05: [GET] [::1]:50374 /rooms 28.041µs
2024-02-15 10:57:06: [GET] [::1]:50375 /joinrooms 360.75µs
